21:54 INFO    : Waveform generator initiated with
  frequency_domain_source_model: bilby.gw.source.lal_binary_black_hole
  time_domain_source_model: None
  parameter_conversion: bilby.gw.conversion.convert_to_lal_binary_black_hole_parameters
21:55 INFO    : Injected signal in H1:
21:55 INFO    :   optimal SNR = 11.76
21:55 INFO    :   matched filter SNR = 13.04+0.39j
21:55 INFO    :   mass_1 = 36.0
21:55 INFO    :   mass_2 = 29.0
21:55 INFO    :   a_1 = 0.4
21:55 INFO    :   a_2 = 0.3
21:55 INFO    :   tilt_1 = 0.5
21:55 INFO    :   tilt_2 = 1.0
21:55 INFO    :   phi_12 = 1.7
21:55 INFO    :   phi_jl = 0.3
21:55 INFO    :   luminosity_distance = 2000.0
21:55 INFO    :   theta_jn = 0.4
21:55 INFO    :   psi = 2.659
21:55 INFO    :   phase = 1.3
21:55 INFO    :   geocent_time = 1126259642.413
21:55 INFO    :   ra = 1.375
21:55 INFO    :   dec = -1.2108
21:55 INFO    : No prior given, using default BBH priors in /Users/yangyukun/anaconda3/lib/python3.11/site-packages/bilby/gw/prior_files/precessing_spins_bbh.prior.
21:55 INFO    : Running for label 'para_2', output will be saved to 'outdir'
21:55 INFO    : Using lal version 7.3.1
21:55 INFO    : Using lal git version Branch: None;Tag: lalsuite-v7.19;Id: 84d780c102cf51ea1fdf7a1cbf0a626a5eca0d0a;;Builder: Duncan Macleod <duncan.macleod@ligo.org>;Repository status: CLEAN: All modifications committed
21:55 INFO    : Using lalsimulation version 5.2.1
21:55 INFO    : Using lalsimulation git version Branch: None;Tag: lalsuite-v7.19;Id: 84d780c102cf51ea1fdf7a1cbf0a626a5eca0d0a;;Builder: Duncan Macleod <duncan.macleod@ligo.org>;Repository status: CLEAN: All modifications committed
21:55 INFO    : Analysis priors:
21:55 INFO    : mass_ratio=bilby.gw.prior.UniformInComponentsMassRatio(minimum=0.125, maximum=1, name='mass_ratio', latex_label='$q$', unit=None, boundary=None, equal_mass=False)
21:55 INFO    : chirp_mass=bilby.gw.prior.UniformInComponentsChirpMass(minimum=23.09555579546043, maximum=33.09555579546043, name='chirp_mass', latex_label='$\\mathcal{M}$', unit=None, boundary=None)
21:55 INFO    : mass_1=Constraint(minimum=5, maximum=100, name='mass_1', latex_label='$m_1$', unit=None)
21:55 INFO    : mass_2=Constraint(minimum=5, maximum=100, name='mass_2', latex_label='$m_2$', unit=None)
21:55 INFO    : luminosity_distance=2000.0
21:55 INFO    : dec=-1.2108
21:55 INFO    : ra=1.375
21:55 INFO    : theta_jn=0.4
21:55 INFO    : psi=2.659
21:55 INFO    : phase=1.3
21:55 INFO    : a_1=0.4
21:55 INFO    : a_2=0.3
21:55 INFO    : tilt_1=0.5
21:55 INFO    : tilt_2=1.0
21:55 INFO    : phi_12=1.7
21:55 INFO    : phi_jl=0.3
21:55 INFO    : geocent_time=1126259642.413
21:55 INFO    : Analysis likelihood class: <class 'bilby.gw.likelihood.base.GravitationalWaveTransient'>
21:55 INFO    : Analysis likelihood noise evidence: -2030.3496347008506
21:55 INFO    : Single likelihood evaluation took 7.118e-03 s
21:55 INFO    : Using sampler Dynesty with kwargs {'nlive': 250, 'bound': 'live', 'sample': 'act-walk', 'periodic': None, 'reflective': None, 'update_interval': 600, 'first_update': None, 'npdim': None, 'rstate': None, 'queue_size': 1, 'pool': None, 'use_pool': None, 'live_points': None, 'logl_args': None, 'logl_kwargs': None, 'ptform_args': None, 'ptform_kwargs': None, 'gradient': None, 'grad_args': None, 'grad_kwargs': None, 'compute_jac': False, 'enlarge': None, 'bootstrap': None, 'walks': 100, 'facc': 0.2, 'slices': None, 'fmove': 0.9, 'max_move': 100, 'update_func': None, 'ncdim': None, 'blob': False, 'save_history': False, 'history_filename': None, 'maxiter': None, 'maxcall': None, 'dlogz': 0.1, 'logl_max': inf, 'n_effective': None, 'add_live': True, 'print_progress': True, 'print_func': <bound method Dynesty._print_func of <bilby.core.sampler.dynesty.Dynesty object at 0x12fc854d0>>, 'save_bounds': False, 'checkpoint_file': None, 'checkpoint_every': 60, 'resume': False, 'seed': None}
21:55 INFO    : Checkpoint every check_point_delta_t = 600s
21:55 INFO    : Using dynesty version 2.1.2
21:55 INFO    : Using the bilby-implemented act-walk sampling tracking the autocorrelation function and thinning by 2 with maximum length 10000
21:55 INFO    : Resume file outdir/para_2_resume.pickle does not exist.
21:55 INFO    : Generating initial points from the prior
22:00 INFO    : Written checkpoint file outdir/para_2_resume.pickle
22:00 INFO    : Rejection sampling nested samples to obtain 665 posterior samples
22:00 INFO    : Sampling time: 0:05:22.813423
22:00 INFO    : Computing per-detector log likelihoods.
22:00 INFO    : Generating sky frame parameters.
22:00 INFO    : Computing SNRs for every sample.
22:00 INFO    : Summary of results:
nsamples: 665
ln_noise_evidence: -2030.350
ln_evidence: -1953.943 +/-  0.203
ln_bayes_factor: 76.407 +/-  0.203

22:00 INFO    : Generating waveform figure for H1
22:00 INFO    : Waveform generator initiated with
  frequency_domain_source_model: bilby.gw.source.lal_binary_black_hole
  time_domain_source_model: None
  parameter_conversion: bilby.gw.conversion.convert_to_lal_binary_black_hole_parameters
23:27 INFO    : Waveform generator initiated with
  frequency_domain_source_model: bilby.gw.source.lal_binary_black_hole
  time_domain_source_model: None
  parameter_conversion: bilby.gw.conversion.convert_to_lal_binary_black_hole_parameters
23:36 INFO    : Waveform generator initiated with
  frequency_domain_source_model: bilby.gw.source.lal_binary_black_hole
  time_domain_source_model: None
  parameter_conversion: bilby.gw.conversion.convert_to_lal_binary_black_hole_parameters
23:44 INFO    : Waveform generator initiated with
  frequency_domain_source_model: bilby.gw.source.lal_binary_black_hole
  time_domain_source_model: None
  parameter_conversion: bilby.gw.conversion.convert_to_lal_binary_black_hole_parameters
23:44 INFO    : Injected signal in H1:
23:44 INFO    :   optimal SNR = 11.76
23:44 INFO    :   matched filter SNR = 11.14+2.31j
23:44 INFO    :   mass_1 = 36.0
23:44 INFO    :   mass_2 = 29.0
23:44 INFO    :   a_1 = 0.4
23:44 INFO    :   a_2 = 0.3
23:44 INFO    :   tilt_1 = 0.5
23:44 INFO    :   tilt_2 = 1.0
23:44 INFO    :   phi_12 = 1.7
23:44 INFO    :   phi_jl = 0.3
23:44 INFO    :   luminosity_distance = 2000.0
23:44 INFO    :   theta_jn = 0.4
23:44 INFO    :   psi = 2.659
23:44 INFO    :   phase = 1.3
23:44 INFO    :   geocent_time = 1126259642.413
23:44 INFO    :   ra = 1.375
23:44 INFO    :   dec = -1.2108
23:44 INFO    : No prior given, using default BBH priors in /Users/yangyukun/anaconda3/lib/python3.11/site-packages/bilby/gw/prior_files/precessing_spins_bbh.prior.
23:44 INFO    : Running for label 'para_2', output will be saved to 'outdir'
23:44 INFO    : Using lal version 7.3.1
23:44 INFO    : Using lal git version Branch: None;Tag: lalsuite-v7.19;Id: 84d780c102cf51ea1fdf7a1cbf0a626a5eca0d0a;;Builder: Duncan Macleod <duncan.macleod@ligo.org>;Repository status: CLEAN: All modifications committed
23:44 INFO    : Using lalsimulation version 5.2.1
23:44 INFO    : Using lalsimulation git version Branch: None;Tag: lalsuite-v7.19;Id: 84d780c102cf51ea1fdf7a1cbf0a626a5eca0d0a;;Builder: Duncan Macleod <duncan.macleod@ligo.org>;Repository status: CLEAN: All modifications committed
23:44 INFO    : Analysis priors:
23:44 INFO    : mass_ratio=bilby.gw.prior.UniformInComponentsMassRatio(minimum=0.125, maximum=1, name='mass_ratio', latex_label='$q$', unit=None, boundary=None, equal_mass=False)
23:44 INFO    : chirp_mass=bilby.gw.prior.UniformInComponentsChirpMass(minimum=23.09555579546043, maximum=33.09555579546043, name='chirp_mass', latex_label='$\\mathcal{M}$', unit=None, boundary=None)
23:44 INFO    : mass_1=Constraint(minimum=5, maximum=100, name='mass_1', latex_label='$m_1$', unit=None)
23:44 INFO    : mass_2=Constraint(minimum=5, maximum=100, name='mass_2', latex_label='$m_2$', unit=None)
23:44 INFO    : luminosity_distance=2000.0
23:44 INFO    : dec=-1.2108
23:44 INFO    : ra=1.375
23:44 INFO    : theta_jn=0.4
23:44 INFO    : psi=2.659
23:44 INFO    : phase=1.3
23:44 INFO    : a_1=0.4
23:44 INFO    : a_2=0.3
23:44 INFO    : tilt_1=0.5
23:44 INFO    : tilt_2=1.0
23:44 INFO    : phi_12=1.7
23:44 INFO    : phi_jl=0.3
23:44 INFO    : geocent_time=1126259642.413
23:44 INFO    : Analysis likelihood class: <class 'bilby.gw.likelihood.base.GravitationalWaveTransient'>
23:44 INFO    : Analysis likelihood noise evidence: -1969.6991253756416
23:44 INFO    : Single likelihood evaluation took 7.395e-03 s
23:44 INFO    : Using sampler Dynesty with kwargs {'nlive': 250, 'bound': 'live', 'sample': 'act-walk', 'periodic': None, 'reflective': None, 'update_interval': 600, 'first_update': None, 'npdim': None, 'rstate': None, 'queue_size': 1, 'pool': None, 'use_pool': None, 'live_points': None, 'logl_args': None, 'logl_kwargs': None, 'ptform_args': None, 'ptform_kwargs': None, 'gradient': None, 'grad_args': None, 'grad_kwargs': None, 'compute_jac': False, 'enlarge': None, 'bootstrap': None, 'walks': 100, 'facc': 0.2, 'slices': None, 'fmove': 0.9, 'max_move': 100, 'update_func': None, 'ncdim': None, 'blob': False, 'save_history': False, 'history_filename': None, 'maxiter': None, 'maxcall': None, 'dlogz': 0.1, 'logl_max': inf, 'n_effective': None, 'add_live': True, 'print_progress': True, 'print_func': <bound method Dynesty._print_func of <bilby.core.sampler.dynesty.Dynesty object at 0x13a6dbf90>>, 'save_bounds': False, 'checkpoint_file': None, 'checkpoint_every': 60, 'resume': False, 'seed': None}
23:44 INFO    : Checkpoint every check_point_delta_t = 600s
23:44 INFO    : Using dynesty version 2.1.2
23:44 INFO    : Using the bilby-implemented act-walk sampling tracking the autocorrelation function and thinning by 2 with maximum length 10000
23:44 INFO    : Reading resume file outdir/para_2_resume.pickle
23:44 INFO    : Resume file successfully loaded.
23:44 INFO    : Written checkpoint file outdir/para_2_resume.pickle
23:44 INFO    : Rejection sampling nested samples to obtain 687 posterior samples
23:44 INFO    : Sampling time: 0:05:23.079505
23:44 INFO    : Computing per-detector log likelihoods.
23:45 INFO    : Generating sky frame parameters.
23:45 INFO    : Computing SNRs for every sample.
23:45 INFO    : Summary of results:
nsamples: 687
ln_noise_evidence: -1969.699
ln_evidence: -1893.293 +/-  0.203
ln_bayes_factor: 76.407 +/-  0.203

23:45 INFO    : Generating waveform figure for H1
23:45 INFO    : Waveform generator initiated with
  frequency_domain_source_model: bilby.gw.source.lal_binary_black_hole
  time_domain_source_model: None
  parameter_conversion: bilby.gw.conversion.convert_to_lal_binary_black_hole_parameters
23:45 INFO    : Waveform generator initiated with
  frequency_domain_source_model: bilby.gw.source.lal_binary_black_hole
  time_domain_source_model: None
  parameter_conversion: bilby.gw.conversion.convert_to_lal_binary_black_hole_parameters
